<?xml version="1.0" encoding="UTF-8"?>
<!-- Generated by org.testng.reporters.JUnitReportReporter -->
<testsuite hostname="Lavanayana" failures="0" tests="1" name="com.testNGDemo.BOOKFlightTicket" time="15.375" errors="0" timestamp="2025-05-08T11:06:33 MDT" skipped="0">
  <testcase classname="com.testNGDemo.BOOKFlightTicket" name="f" time="15.375"/>
</testsuite> <!-- com.testNGDemo.BOOKFlightTicket -->
