<?xml version="1.0" encoding="UTF-8"?>
<!-- Generated by org.testng.reporters.JUnitReportReporter -->
<testsuite hostname="Lavanayana" failures="0" tests="1" name="com.testNGDemo.Assignment_12AutoTestData" time="109.507" errors="0" timestamp="2025-05-06T23:53:55 MDT" skipped="0">
  <testcase classname="com.testNGDemo.Assignment_12AutoTestData" name="f" time="109.507"/>
</testsuite> <!-- com.testNGDemo.Assignment_12AutoTestData -->
