<?xml version="1.0" encoding="UTF-8"?>
<!-- Generated by org.testng.reporters.JUnitReportReporter -->
<testsuite hostname="Lavanayana" failures="0" tests="4" name="com.testNGDemo.CrossBrowser" time="47.926" errors="0" timestamp="2025-05-10T17:44:26 MDT" skipped="0">
  <testcase classname="com.testNGDemo.CrossBrowser" name="f" time="12.231"/>
  <testcase classname="com.testNGDemo.CrossBrowser" name="f" time="12.368"/>
  <testcase classname="com.testNGDemo.CrossBrowser" name="f" time="11.780"/>
  <testcase classname="com.testNGDemo.CrossBrowser" name="f" time="11.547"/>
</testsuite> <!-- com.testNGDemo.CrossBrowser -->
