<?xml version="1.0" encoding="UTF-8"?>
<!-- Generated by org.testng.reporters.JUnitReportReporter -->
<testsuite hostname="Lavanayana" failures="0" tests="1" name="com.testNGDemo.WebElementTotalCount" time="12.128" errors="0" timestamp="2025-05-08T18:01:52 MDT" skipped="0">
  <testcase classname="com.testNGDemo.WebElementTotalCount" name="f" time="12.128"/>
</testsuite> <!-- com.testNGDemo.WebElementTotalCount -->
