<?xml version="1.0" encoding="UTF-8"?>
<!-- Generated by org.testng.reporters.JUnitReportReporter -->
<testsuite hostname="Lavanayana" failures="0" tests="1" name="com.testNGDemo.OrangeHrmAssignment" time="17.149" errors="0" timestamp="2025-05-06T15:56:20 MDT" skipped="0">
  <testcase classname="com.testNGDemo.OrangeHrmAssignment" name="f" time="17.149"/>
</testsuite> <!-- com.testNGDemo.OrangeHrmAssignment -->
