<?xml version="1.0" encoding="UTF-8"?>
<!-- Generated by org.testng.reporters.JUnitReportReporter -->
<testsuite hostname="Lavanayana" failures="0" tests="3" name="com.testNGDemo.Annotations_Demo1" time="0.020" errors="0" timestamp="2025-05-09T12:05:37 MDT" skipped="0">
  <testcase classname="com.testNGDemo.Annotations_Demo1" name="a" time="0.016"/>
  <testcase classname="com.testNGDemo.Annotations_Demo1" name="b" time="0.002"/>
  <testcase classname="com.testNGDemo.Annotations_Demo1" name="f" time="0.002"/>
</testsuite> <!-- com.testNGDemo.Annotations_Demo1 -->
