<?xml version="1.0" encoding="UTF-8"?>
<!-- Generated by org.testng.reporters.JUnitReportReporter -->
<testsuite hostname="Lavanayana" failures="0" tests="1" name="com.testNGDemo.Assignment13_2" time="8.042" errors="0" timestamp="2025-05-07T17:40:41 MDT" skipped="0">
  <testcase classname="com.testNGDemo.Assignment13_2" name="f" time="8.042"/>
</testsuite> <!-- com.testNGDemo.Assignment13_2 -->
