<?xml version="1.0" encoding="UTF-8"?>
<!-- Generated by org.testng.reporters.JUnitReportReporter -->
<testsuite hostname="Lavanayana" failures="0" tests="2" name="com.testNGDemo.Annotations_Demo2" time="0.012" errors="0" timestamp="2025-05-09T13:27:27 MDT" skipped="0">
  <testcase classname="com.testNGDemo.Annotations_Demo2" name="a" time="0.009"/>
  <testcase classname="com.testNGDemo.Annotations_Demo2" name="f" time="0.003"/>
</testsuite> <!-- com.testNGDemo.Annotations_Demo2 -->
