<?xml version="1.0" encoding="UTF-8"?>
<!-- Generated by org.testng.reporters.JUnitReportReporter -->
<testsuite hostname="Lavanayana" failures="0" tests="1" name="com.testNGDemo.Formetailss" time="12.988" errors="0" timestamp="2025-05-06T19:07:56 MDT" skipped="0">
  <testcase classname="com.testNGDemo.Formetailss" name="f" time="12.988"/>
</testsuite> <!-- com.testNGDemo.Formetailss -->
